This file contains any messages produced by compilers while
running configure, to aid debugging if configure makes a mistake.

It was created by bmon configure 2.0.1, which was
generated by GNU Autoconf 2.59.  Invocation command line was

  $ ./configure --host=i486-linux-gnu --build=i486-linux-gnu --prefix=/usr --mandir=${prefix}/share/man

## --------- ##
## Platform. ##
## --------- ##

hostname = canaima-popular
uname -m = i686
uname -r = 3.2.0-4-686-pae
uname -s = Linux
uname -v = #1 SMP Debian 3.2.51-1

/usr/bin/uname -p = unknown
/bin/uname -X     = unknown

/bin/arch              = unknown
/usr/bin/arch -k       = unknown
/usr/convex/getsysinfo = unknown
hostinfo               = unknown
/bin/machine           = unknown
/usr/bin/oslevel       = unknown
/bin/universe          = unknown

PATH: /usr/local/sbin
PATH: /usr/local/bin
PATH: /usr/sbin
PATH: /usr/bin
PATH: /sbin
PATH: /bin


## ----------- ##
## Core tests. ##
## ----------- ##

configure:1347: checking build system type
configure:1365: result: i486-pc-linux-gnu
configure:1373: checking host system type
configure:1387: result: i486-pc-linux-gnu
configure:1395: checking target system type
configure:1409: result: i486-pc-linux-gnu
configure:1436: checking for i486-linux-gnu-gcc
configure:1452: found /usr/bin/i486-linux-gnu-gcc
configure:1462: result: i486-linux-gnu-gcc
configure:1744: checking for C compiler version
configure:1747: i486-linux-gnu-gcc --version </dev/null >&5
i486-linux-gnu-gcc (Debian 4.7.2-5) 4.7.2
Copyright (C) 2012 Free Software Foundation, Inc.
This is free software; see the source for copying conditions.  There is NO
warranty; not even for MERCHANTABILITY or FITNESS FOR A PARTICULAR PURPOSE.

configure:1750: $? = 0
configure:1752: i486-linux-gnu-gcc -v </dev/null >&5
Using built-in specs.
COLLECT_GCC=i486-linux-gnu-gcc
COLLECT_LTO_WRAPPER=/usr/lib/gcc/i486-linux-gnu/4.7/lto-wrapper
Target: i486-linux-gnu
Configured with: ../src/configure -v --with-pkgversion='Debian 4.7.2-5' --with-bugurl=file:///usr/share/doc/gcc-4.7/README.Bugs --enable-languages=c,c++,go,fortran,objc,obj-c++ --prefix=/usr --program-suffix=-4.7 --enable-shared --enable-linker-build-id --with-system-zlib --libexecdir=/usr/lib --without-included-gettext --enable-threads=posix --with-gxx-include-dir=/usr/include/c++/4.7 --libdir=/usr/lib --enable-nls --with-sysroot=/ --enable-clocale=gnu --enable-libstdcxx-debug --enable-libstdcxx-time=yes --enable-gnu-unique-object --enable-plugin --enable-objc-gc --enable-targets=all --with-arch-32=i586 --with-tune=generic --enable-checking=release --build=i486-linux-gnu --host=i486-linux-gnu --target=i486-linux-gnu
Thread model: posix
gcc version 4.7.2 (Debian 4.7.2-5) 
configure:1755: $? = 0
configure:1757: i486-linux-gnu-gcc -V </dev/null >&5
i486-linux-gnu-gcc: error: unrecognized command line option '-V'
i486-linux-gnu-gcc: fatal error: no input files
compilation terminated.
configure:1760: $? = 4
configure:1783: checking for C compiler default output file name
configure:1786: i486-linux-gnu-gcc -Wall -g -O2   conftest.c  >&5
configure:1789: $? = 0
configure:1835: result: a.out
configure:1840: checking whether the C compiler works
configure:1846: ./a.out
configure:1849: $? = 0
configure:1866: result: yes
configure:1873: checking whether we are cross compiling
configure:1875: result: no
configure:1878: checking for suffix of executables
configure:1880: i486-linux-gnu-gcc -o conftest -Wall -g -O2   conftest.c  >&5
configure:1883: $? = 0
configure:1908: result: 
configure:1914: checking for suffix of object files
configure:1935: i486-linux-gnu-gcc -c -Wall -g -O2  conftest.c >&5
configure:1938: $? = 0
configure:1960: result: o
configure:1964: checking whether we are using the GNU C compiler
configure:1988: i486-linux-gnu-gcc -c -Wall -g -O2  conftest.c >&5
configure:1994: $? = 0
configure:1997: test -z 			 || test ! -s conftest.err
configure:2000: $? = 0
configure:2003: test -s conftest.o
configure:2006: $? = 0
configure:2019: result: yes
configure:2025: checking whether i486-linux-gnu-gcc accepts -g
configure:2046: i486-linux-gnu-gcc -c -g  conftest.c >&5
configure:2052: $? = 0
configure:2055: test -z 			 || test ! -s conftest.err
configure:2058: $? = 0
configure:2061: test -s conftest.o
configure:2064: $? = 0
configure:2075: result: yes
configure:2092: checking for i486-linux-gnu-gcc option to accept ANSI C
configure:2162: i486-linux-gnu-gcc  -c -Wall -g -O2  conftest.c >&5
configure:2168: $? = 0
configure:2171: test -z 			 || test ! -s conftest.err
configure:2174: $? = 0
configure:2177: test -s conftest.o
configure:2180: $? = 0
configure:2198: result: none needed
configure:2216: i486-linux-gnu-gcc -c -Wall -g -O2  conftest.c >&5
conftest.c:2:3: error: unknown type name 'choke'
conftest.c:2:3: error: expected '=', ',', ';', 'asm' or '__attribute__' at end of input
configure:2222: $? = 1
configure: failed program was:
| #ifndef __cplusplus
|   choke me
| #endif
configure:2357: checking how to run the C preprocessor
configure:2392: i486-linux-gnu-gcc -E  conftest.c
configure:2398: $? = 0
configure:2430: i486-linux-gnu-gcc -E  conftest.c
conftest.c:9:28: fatal error: ac_nonexistent.h: No such file or directory
compilation terminated.
configure:2436: $? = 1
configure: failed program was:
| /* confdefs.h.  */
| 
| #define PACKAGE_NAME "bmon"
| #define PACKAGE_TARNAME "bmon"
| #define PACKAGE_VERSION "2.0.1"
| #define PACKAGE_STRING "bmon 2.0.1"
| #define PACKAGE_BUGREPORT "tgraf@suug.ch"
| /* end confdefs.h.  */
| #include <ac_nonexistent.h>
configure:2475: result: i486-linux-gnu-gcc -E
configure:2499: i486-linux-gnu-gcc -E  conftest.c
configure:2505: $? = 0
configure:2537: i486-linux-gnu-gcc -E  conftest.c
conftest.c:9:28: fatal error: ac_nonexistent.h: No such file or directory
compilation terminated.
configure:2543: $? = 1
configure: failed program was:
| /* confdefs.h.  */
| 
| #define PACKAGE_NAME "bmon"
| #define PACKAGE_TARNAME "bmon"
| #define PACKAGE_VERSION "2.0.1"
| #define PACKAGE_STRING "bmon 2.0.1"
| #define PACKAGE_BUGREPORT "tgraf@suug.ch"
| /* end confdefs.h.  */
| #include <ac_nonexistent.h>
configure:2586: checking whether make sets $(MAKE)
configure:2606: result: yes
configure:2628: checking for a BSD-compatible install
configure:2683: result: /usr/bin/install -c
configure:2696: checking for an ANSI C-conforming const
configure:2763: i486-linux-gnu-gcc -c -Wall -g -O2  conftest.c >&5
conftest.c: In function 'main':
conftest.c:36:17: warning: unused variable 's' [-Wunused-variable]
conftest.c:56:15: warning: unused variable 'foo' [-Wunused-variable]
conftest.c:23:29: warning: unused variable 'zero' [-Wunused-variable]
conftest.c:17:17: warning: unused variable 'x' [-Wunused-variable]
conftest.c:38:10: warning: 't' is used uninitialized in this function [-Wuninitialized]
conftest.c:53:23: warning: 'b' is used uninitialized in this function [-Wuninitialized]
configure:2769: $? = 0
configure:2772: test -z 			 || test ! -s conftest.err
configure:2775: $? = 0
configure:2778: test -s conftest.o
configure:2781: $? = 0
configure:2792: result: yes
configure:2802: checking for inline
configure:2823: i486-linux-gnu-gcc -c -Wall -g -O2  conftest.c >&5
configure:2829: $? = 0
configure:2832: test -z 			 || test ! -s conftest.err
configure:2835: $? = 0
configure:2838: test -s conftest.o
configure:2841: $? = 0
configure:2853: result: inline
configure:2873: checking whether time.h and sys/time.h may both be included
configure:2898: i486-linux-gnu-gcc -c -Wall -g -O2  conftest.c >&5
configure:2904: $? = 0
configure:2907: test -z 			 || test ! -s conftest.err
configure:2910: $? = 0
configure:2913: test -s conftest.o
configure:2916: $? = 0
configure:2927: result: yes
configure:2938: checking for egrep
configure:2948: result: grep -E
configure:2953: checking for ANSI C header files
configure:2978: i486-linux-gnu-gcc -c -Wall -g -O2  conftest.c >&5
configure:2984: $? = 0
configure:2987: test -z 			 || test ! -s conftest.err
configure:2990: $? = 0
configure:2993: test -s conftest.o
configure:2996: $? = 0
configure:3085: i486-linux-gnu-gcc -o conftest -Wall -g -O2   conftest.c  >&5
conftest.c: In function 'main':
conftest.c:27:7: warning: implicit declaration of function 'exit' [-Wimplicit-function-declaration]
conftest.c:27:7: warning: incompatible implicit declaration of built-in function 'exit' [enabled by default]
configure:3088: $? = 0
configure:3090: ./conftest
configure:3093: $? = 0
configure:3108: result: yes
configure:3132: checking for sys/types.h
configure:3148: i486-linux-gnu-gcc -c -Wall -g -O2  conftest.c >&5
configure:3154: $? = 0
configure:3157: test -z 			 || test ! -s conftest.err
configure:3160: $? = 0
configure:3163: test -s conftest.o
configure:3166: $? = 0
configure:3177: result: yes
configure:3132: checking for sys/stat.h
configure:3148: i486-linux-gnu-gcc -c -Wall -g -O2  conftest.c >&5
configure:3154: $? = 0
configure:3157: test -z 			 || test ! -s conftest.err
configure:3160: $? = 0
configure:3163: test -s conftest.o
configure:3166: $? = 0
configure:3177: result: yes
configure:3132: checking for stdlib.h
configure:3148: i486-linux-gnu-gcc -c -Wall -g -O2  conftest.c >&5
configure:3154: $? = 0
configure:3157: test -z 			 || test ! -s conftest.err
configure:3160: $? = 0
configure:3163: test -s conftest.o
configure:3166: $? = 0
configure:3177: result: yes
configure:3132: checking for string.h
configure:3148: i486-linux-gnu-gcc -c -Wall -g -O2  conftest.c >&5
configure:3154: $? = 0
configure:3157: test -z 			 || test ! -s conftest.err
configure:3160: $? = 0
configure:3163: test -s conftest.o
configure:3166: $? = 0
configure:3177: result: yes
configure:3132: checking for memory.h
configure:3148: i486-linux-gnu-gcc -c -Wall -g -O2  conftest.c >&5
configure:3154: $? = 0
configure:3157: test -z 			 || test ! -s conftest.err
configure:3160: $? = 0
configure:3163: test -s conftest.o
configure:3166: $? = 0
configure:3177: result: yes
configure:3132: checking for strings.h
configure:3148: i486-linux-gnu-gcc -c -Wall -g -O2  conftest.c >&5
configure:3154: $? = 0
configure:3157: test -z 			 || test ! -s conftest.err
configure:3160: $? = 0
configure:3163: test -s conftest.o
configure:3166: $? = 0
configure:3177: result: yes
configure:3132: checking for inttypes.h
configure:3148: i486-linux-gnu-gcc -c -Wall -g -O2  conftest.c >&5
configure:3154: $? = 0
configure:3157: test -z 			 || test ! -s conftest.err
configure:3160: $? = 0
configure:3163: test -s conftest.o
configure:3166: $? = 0
configure:3177: result: yes
configure:3132: checking for stdint.h
configure:3148: i486-linux-gnu-gcc -c -Wall -g -O2  conftest.c >&5
configure:3154: $? = 0
configure:3157: test -z 			 || test ! -s conftest.err
configure:3160: $? = 0
configure:3163: test -s conftest.o
configure:3166: $? = 0
configure:3177: result: yes
configure:3132: checking for unistd.h
configure:3148: i486-linux-gnu-gcc -c -Wall -g -O2  conftest.c >&5
configure:3154: $? = 0
configure:3157: test -z 			 || test ! -s conftest.err
configure:3160: $? = 0
configure:3163: test -s conftest.o
configure:3166: $? = 0
configure:3177: result: yes
configure:3189: checking for size_t
configure:3213: i486-linux-gnu-gcc -c -Wall -g -O2  conftest.c >&5
configure:3219: $? = 0
configure:3222: test -z 			 || test ! -s conftest.err
configure:3225: $? = 0
configure:3228: test -s conftest.o
configure:3231: $? = 0
configure:3242: result: yes
configure:3254: checking return type of signal handlers
configure:3285: i486-linux-gnu-gcc -c -Wall -g -O2  conftest.c >&5
conftest.c: In function 'main':
conftest.c:34:5: warning: unused variable 'i' [-Wunused-variable]
configure:3291: $? = 0
configure:3294: test -z 			 || test ! -s conftest.err
configure:3297: $? = 0
configure:3300: test -s conftest.o
configure:3303: $? = 0
configure:3314: result: void
configure:3340: checking getopt.h usability
configure:3352: i486-linux-gnu-gcc -c -Wall -g -O2  conftest.c >&5
configure:3358: $? = 0
configure:3361: test -z 			 || test ! -s conftest.err
configure:3364: $? = 0
configure:3367: test -s conftest.o
configure:3370: $? = 0
configure:3380: result: yes
configure:3384: checking getopt.h presence
configure:3394: i486-linux-gnu-gcc -E  conftest.c
configure:3400: $? = 0
configure:3420: result: yes
configure:3455: checking for getopt.h
configure:3462: result: yes
configure:3340: checking ncurses/ncurses.h usability
configure:3352: i486-linux-gnu-gcc -c -Wall -g -O2  conftest.c >&5
conftest.c:56:29: fatal error: ncurses/ncurses.h: No such file or directory
compilation terminated.
configure:3358: $? = 1
configure: failed program was:
| /* confdefs.h.  */
| 
| #define PACKAGE_NAME "bmon"
| #define PACKAGE_TARNAME "bmon"
| #define PACKAGE_VERSION "2.0.1"
| #define PACKAGE_STRING "bmon 2.0.1"
| #define PACKAGE_BUGREPORT "tgraf@suug.ch"
| #define TIME_WITH_SYS_TIME 1
| #define STDC_HEADERS 1
| #define HAVE_SYS_TYPES_H 1
| #define HAVE_SYS_STAT_H 1
| #define HAVE_STDLIB_H 1
| #define HAVE_STRING_H 1
| #define HAVE_MEMORY_H 1
| #define HAVE_STRINGS_H 1
| #define HAVE_INTTYPES_H 1
| #define HAVE_STDINT_H 1
| #define HAVE_UNISTD_H 1
| #define RETSIGTYPE void
| #define HAVE_GETOPT_H 1
| /* end confdefs.h.  */
| #include <stdio.h>
| #if HAVE_SYS_TYPES_H
| # include <sys/types.h>
| #endif
| #if HAVE_SYS_STAT_H
| # include <sys/stat.h>
| #endif
| #if STDC_HEADERS
| # include <stdlib.h>
| # include <stddef.h>
| #else
| # if HAVE_STDLIB_H
| #  include <stdlib.h>
| # endif
| #endif
| #if HAVE_STRING_H
| # if !STDC_HEADERS && HAVE_MEMORY_H
| #  include <memory.h>
| # endif
| # include <string.h>
| #endif
| #if HAVE_STRINGS_H
| # include <strings.h>
| #endif
| #if HAVE_INTTYPES_H
| # include <inttypes.h>
| #else
| # if HAVE_STDINT_H
| #  include <stdint.h>
| # endif
| #endif
| #if HAVE_UNISTD_H
| # include <unistd.h>
| #endif
| #include <ncurses/ncurses.h>
configure:3380: result: no
configure:3384: checking ncurses/ncurses.h presence
configure:3394: i486-linux-gnu-gcc -E  conftest.c
conftest.c:22:29: fatal error: ncurses/ncurses.h: No such file or directory
compilation terminated.
configure:3400: $? = 1
configure: failed program was:
| /* confdefs.h.  */
| 
| #define PACKAGE_NAME "bmon"
| #define PACKAGE_TARNAME "bmon"
| #define PACKAGE_VERSION "2.0.1"
| #define PACKAGE_STRING "bmon 2.0.1"
| #define PACKAGE_BUGREPORT "tgraf@suug.ch"
| #define TIME_WITH_SYS_TIME 1
| #define STDC_HEADERS 1
| #define HAVE_SYS_TYPES_H 1
| #define HAVE_SYS_STAT_H 1
| #define HAVE_STDLIB_H 1
| #define HAVE_STRING_H 1
| #define HAVE_MEMORY_H 1
| #define HAVE_STRINGS_H 1
| #define HAVE_INTTYPES_H 1
| #define HAVE_STDINT_H 1
| #define HAVE_UNISTD_H 1
| #define RETSIGTYPE void
| #define HAVE_GETOPT_H 1
| /* end confdefs.h.  */
| #include <ncurses/ncurses.h>
configure:3420: result: no
configure:3455: checking for ncurses/ncurses.h
configure:3462: result: no
configure:3340: checking ncurses.h usability
configure:3352: i486-linux-gnu-gcc -c -Wall -g -O2  conftest.c >&5
configure:3358: $? = 0
configure:3361: test -z 			 || test ! -s conftest.err
configure:3364: $? = 0
configure:3367: test -s conftest.o
configure:3370: $? = 0
configure:3380: result: yes
configure:3384: checking ncurses.h presence
configure:3394: i486-linux-gnu-gcc -E  conftest.c
configure:3400: $? = 0
configure:3420: result: yes
configure:3455: checking for ncurses.h
configure:3462: result: yes
configure:3340: checking curses.h usability
configure:3352: i486-linux-gnu-gcc -c -Wall -g -O2  conftest.c >&5
configure:3358: $? = 0
configure:3361: test -z 			 || test ! -s conftest.err
configure:3364: $? = 0
configure:3367: test -s conftest.o
configure:3370: $? = 0
configure:3380: result: yes
configure:3384: checking curses.h presence
configure:3394: i486-linux-gnu-gcc -E  conftest.c
configure:3400: $? = 0
configure:3420: result: yes
configure:3455: checking for curses.h
configure:3462: result: yes
configure:3492: checking dirent.h usability
configure:3504: i486-linux-gnu-gcc -c -Wall -g -O2  conftest.c >&5
configure:3510: $? = 0
configure:3513: test -z 			 || test ! -s conftest.err
configure:3516: $? = 0
configure:3519: test -s conftest.o
configure:3522: $? = 0
configure:3532: result: yes
configure:3536: checking dirent.h presence
configure:3546: i486-linux-gnu-gcc -E  conftest.c
configure:3552: $? = 0
configure:3572: result: yes
configure:3607: checking for dirent.h
configure:3614: result: yes
configure:3492: checking sys/utsname.h usability
configure:3504: i486-linux-gnu-gcc -c -Wall -g -O2  conftest.c >&5
configure:3510: $? = 0
configure:3513: test -z 			 || test ! -s conftest.err
configure:3516: $? = 0
configure:3519: test -s conftest.o
configure:3522: $? = 0
configure:3532: result: yes
configure:3536: checking sys/utsname.h presence
configure:3546: i486-linux-gnu-gcc -E  conftest.c
configure:3552: $? = 0
configure:3572: result: yes
configure:3607: checking for sys/utsname.h
configure:3614: result: yes
configure:3492: checking sys/sockio.h usability
configure:3504: i486-linux-gnu-gcc -c -Wall -g -O2  conftest.c >&5
conftest.c:60:24: fatal error: sys/sockio.h: No such file or directory
compilation terminated.
configure:3510: $? = 1
configure: failed program was:
| /* confdefs.h.  */
| 
| #define PACKAGE_NAME "bmon"
| #define PACKAGE_TARNAME "bmon"
| #define PACKAGE_VERSION "2.0.1"
| #define PACKAGE_STRING "bmon 2.0.1"
| #define PACKAGE_BUGREPORT "tgraf@suug.ch"
| #define TIME_WITH_SYS_TIME 1
| #define STDC_HEADERS 1
| #define HAVE_SYS_TYPES_H 1
| #define HAVE_SYS_STAT_H 1
| #define HAVE_STDLIB_H 1
| #define HAVE_STRING_H 1
| #define HAVE_MEMORY_H 1
| #define HAVE_STRINGS_H 1
| #define HAVE_INTTYPES_H 1
| #define HAVE_STDINT_H 1
| #define HAVE_UNISTD_H 1
| #define RETSIGTYPE void
| #define HAVE_GETOPT_H 1
| #define HAVE_NCURSES_H 1
| #define HAVE_CURSES_H 1
| #define HAVE_DIRENT_H 1
| #define HAVE_SYS_UTSNAME_H 1
| /* end confdefs.h.  */
| #include <stdio.h>
| #if HAVE_SYS_TYPES_H
| # include <sys/types.h>
| #endif
| #if HAVE_SYS_STAT_H
| # include <sys/stat.h>
| #endif
| #if STDC_HEADERS
| # include <stdlib.h>
| # include <stddef.h>
| #else
| # if HAVE_STDLIB_H
| #  include <stdlib.h>
| # endif
| #endif
| #if HAVE_STRING_H
| # if !STDC_HEADERS && HAVE_MEMORY_H
| #  include <memory.h>
| # endif
| # include <string.h>
| #endif
| #if HAVE_STRINGS_H
| # include <strings.h>
| #endif
| #if HAVE_INTTYPES_H
| # include <inttypes.h>
| #else
| # if HAVE_STDINT_H
| #  include <stdint.h>
| # endif
| #endif
| #if HAVE_UNISTD_H
| # include <unistd.h>
| #endif
| #include <sys/sockio.h>
configure:3532: result: no
configure:3536: checking sys/sockio.h presence
configure:3546: i486-linux-gnu-gcc -E  conftest.c
conftest.c:26:24: fatal error: sys/sockio.h: No such file or directory
compilation terminated.
configure:3552: $? = 1
configure: failed program was:
| /* confdefs.h.  */
| 
| #define PACKAGE_NAME "bmon"
| #define PACKAGE_TARNAME "bmon"
| #define PACKAGE_VERSION "2.0.1"
| #define PACKAGE_STRING "bmon 2.0.1"
| #define PACKAGE_BUGREPORT "tgraf@suug.ch"
| #define TIME_WITH_SYS_TIME 1
| #define STDC_HEADERS 1
| #define HAVE_SYS_TYPES_H 1
| #define HAVE_SYS_STAT_H 1
| #define HAVE_STDLIB_H 1
| #define HAVE_STRING_H 1
| #define HAVE_MEMORY_H 1
| #define HAVE_STRINGS_H 1
| #define HAVE_INTTYPES_H 1
| #define HAVE_STDINT_H 1
| #define HAVE_UNISTD_H 1
| #define RETSIGTYPE void
| #define HAVE_GETOPT_H 1
| #define HAVE_NCURSES_H 1
| #define HAVE_CURSES_H 1
| #define HAVE_DIRENT_H 1
| #define HAVE_SYS_UTSNAME_H 1
| /* end confdefs.h.  */
| #include <sys/sockio.h>
configure:3572: result: no
configure:3607: checking for sys/sockio.h
configure:3614: result: no
configure:3492: checking netinet6/in6.h usability
configure:3504: i486-linux-gnu-gcc -c -Wall -g -O2  conftest.c >&5
conftest.c:60:26: fatal error: netinet6/in6.h: No such file or directory
compilation terminated.
configure:3510: $? = 1
configure: failed program was:
| /* confdefs.h.  */
| 
| #define PACKAGE_NAME "bmon"
| #define PACKAGE_TARNAME "bmon"
| #define PACKAGE_VERSION "2.0.1"
| #define PACKAGE_STRING "bmon 2.0.1"
| #define PACKAGE_BUGREPORT "tgraf@suug.ch"
| #define TIME_WITH_SYS_TIME 1
| #define STDC_HEADERS 1
| #define HAVE_SYS_TYPES_H 1
| #define HAVE_SYS_STAT_H 1
| #define HAVE_STDLIB_H 1
| #define HAVE_STRING_H 1
| #define HAVE_MEMORY_H 1
| #define HAVE_STRINGS_H 1
| #define HAVE_INTTYPES_H 1
| #define HAVE_STDINT_H 1
| #define HAVE_UNISTD_H 1
| #define RETSIGTYPE void
| #define HAVE_GETOPT_H 1
| #define HAVE_NCURSES_H 1
| #define HAVE_CURSES_H 1
| #define HAVE_DIRENT_H 1
| #define HAVE_SYS_UTSNAME_H 1
| /* end confdefs.h.  */
| #include <stdio.h>
| #if HAVE_SYS_TYPES_H
| # include <sys/types.h>
| #endif
| #if HAVE_SYS_STAT_H
| # include <sys/stat.h>
| #endif
| #if STDC_HEADERS
| # include <stdlib.h>
| # include <stddef.h>
| #else
| # if HAVE_STDLIB_H
| #  include <stdlib.h>
| # endif
| #endif
| #if HAVE_STRING_H
| # if !STDC_HEADERS && HAVE_MEMORY_H
| #  include <memory.h>
| # endif
| # include <string.h>
| #endif
| #if HAVE_STRINGS_H
| # include <strings.h>
| #endif
| #if HAVE_INTTYPES_H
| # include <inttypes.h>
| #else
| # if HAVE_STDINT_H
| #  include <stdint.h>
| # endif
| #endif
| #if HAVE_UNISTD_H
| # include <unistd.h>
| #endif
| #include <netinet6/in6.h>
configure:3532: result: no
configure:3536: checking netinet6/in6.h presence
configure:3546: i486-linux-gnu-gcc -E  conftest.c
conftest.c:26:26: fatal error: netinet6/in6.h: No such file or directory
compilation terminated.
configure:3552: $? = 1
configure: failed program was:
| /* confdefs.h.  */
| 
| #define PACKAGE_NAME "bmon"
| #define PACKAGE_TARNAME "bmon"
| #define PACKAGE_VERSION "2.0.1"
| #define PACKAGE_STRING "bmon 2.0.1"
| #define PACKAGE_BUGREPORT "tgraf@suug.ch"
| #define TIME_WITH_SYS_TIME 1
| #define STDC_HEADERS 1
| #define HAVE_SYS_TYPES_H 1
| #define HAVE_SYS_STAT_H 1
| #define HAVE_STDLIB_H 1
| #define HAVE_STRING_H 1
| #define HAVE_MEMORY_H 1
| #define HAVE_STRINGS_H 1
| #define HAVE_INTTYPES_H 1
| #define HAVE_STDINT_H 1
| #define HAVE_UNISTD_H 1
| #define RETSIGTYPE void
| #define HAVE_GETOPT_H 1
| #define HAVE_NCURSES_H 1
| #define HAVE_CURSES_H 1
| #define HAVE_DIRENT_H 1
| #define HAVE_SYS_UTSNAME_H 1
| /* end confdefs.h.  */
| #include <netinet6/in6.h>
configure:3572: result: no
configure:3607: checking for netinet6/in6.h
configure:3614: result: no
configure:3628: checking for suseconds_t
configure:3652: i486-linux-gnu-gcc -c -Wall -g -O2  conftest.c >&5
configure:3658: $? = 0
configure:3661: test -z 			 || test ! -s conftest.err
configure:3664: $? = 0
configure:3667: test -s conftest.o
configure:3670: $? = 0
configure:3681: result: yes
configure:3696: checking for connect
configure:3753: i486-linux-gnu-gcc -o conftest -Wall -g -O2   conftest.c  >&5
configure:3759: $? = 0
configure:3762: test -z 			 || test ! -s conftest.err
configure:3765: $? = 0
configure:3768: test -s conftest
configure:3771: $? = 0
configure:3783: result: yes
configure:3863: checking for gethostbyname
configure:3920: i486-linux-gnu-gcc -o conftest -Wall -g -O2   conftest.c  >&5
configure:3926: $? = 0
configure:3929: test -z 			 || test ! -s conftest.err
configure:3932: $? = 0
configure:3935: test -s conftest
configure:3938: $? = 0
configure:3950: result: yes
configure:4030: checking for inet_aton
configure:4087: i486-linux-gnu-gcc -o conftest -Wall -g -O2   conftest.c  >&5
configure:4093: $? = 0
configure:4096: test -z 			 || test ! -s conftest.err
configure:4099: $? = 0
configure:4102: test -s conftest
configure:4105: $? = 0
configure:4117: result: yes
configure:4202: checking for initscr in -lncurses
configure:4232: i486-linux-gnu-gcc -o conftest -Wall -g -O2   conftest.c -lncurses   >&5
configure:4238: $? = 0
configure:4241: test -z 			 || test ! -s conftest.err
configure:4244: $? = 0
configure:4247: test -s conftest
configure:4250: $? = 0
configure:4263: result: yes
configure:4362: checking for redrawwin in -lncurses
configure:4392: i486-linux-gnu-gcc -o conftest -Wall -g -O2   conftest.c -lncurses   >&5
configure:4398: $? = 0
configure:4401: test -z 			 || test ! -s conftest.err
configure:4404: $? = 0
configure:4407: test -s conftest
configure:4410: $? = 0
configure:4423: result: yes
configure:4435: checking for use_default_colors in -lncurses
configure:4465: i486-linux-gnu-gcc -o conftest -Wall -g -O2   conftest.c -lncurses   >&5
configure:4471: $? = 0
configure:4474: test -z 			 || test ! -s conftest.err
configure:4477: $? = 0
configure:4480: test -s conftest
configure:4483: $? = 0
configure:4496: result: yes
configure:4516: checking for kstat_open in -lkstat
configure:4546: i486-linux-gnu-gcc -o conftest -Wall -g -O2   conftest.c -lkstat   >&5
/usr/bin/ld: cannot find -lkstat
collect2: error: ld returned 1 exit status
configure:4552: $? = 1
configure: failed program was:
| /* confdefs.h.  */
| 
| #define PACKAGE_NAME "bmon"
| #define PACKAGE_TARNAME "bmon"
| #define PACKAGE_VERSION "2.0.1"
| #define PACKAGE_STRING "bmon 2.0.1"
| #define PACKAGE_BUGREPORT "tgraf@suug.ch"
| #define TIME_WITH_SYS_TIME 1
| #define STDC_HEADERS 1
| #define HAVE_SYS_TYPES_H 1
| #define HAVE_SYS_STAT_H 1
| #define HAVE_STDLIB_H 1
| #define HAVE_STRING_H 1
| #define HAVE_MEMORY_H 1
| #define HAVE_STRINGS_H 1
| #define HAVE_INTTYPES_H 1
| #define HAVE_STDINT_H 1
| #define HAVE_UNISTD_H 1
| #define RETSIGTYPE void
| #define HAVE_GETOPT_H 1
| #define HAVE_NCURSES_H 1
| #define HAVE_CURSES_H 1
| #define HAVE_DIRENT_H 1
| #define HAVE_SYS_UTSNAME_H 1
| #define HAVE_SUSECONDS_T 1
| #define HAVE_NCURSES "1"
| #define HAVE_REDRAWWIN "1"
| #define HAVE_USE_DEFAULT_COLORS "1"
| /* end confdefs.h.  */
| 
| /* Override any gcc2 internal prototype to avoid an error.  */
| #ifdef __cplusplus
| extern "C"
| #endif
| /* We use char because int might match the return type of a gcc2
|    builtin and then its argument prototype would still apply.  */
| char kstat_open ();
| int
| main ()
| {
| kstat_open ();
|   ;
|   return 0;
| }
configure:4577: result: no
configure:4609: checking for nl_connect in -lnl
configure:4639: i486-linux-gnu-gcc -o conftest -Wall -g -O2   conftest.c -lnl   >&5
/usr/bin/ld: cannot find -lnl
collect2: error: ld returned 1 exit status
configure:4645: $? = 1
configure: failed program was:
| /* confdefs.h.  */
| 
| #define PACKAGE_NAME "bmon"
| #define PACKAGE_TARNAME "bmon"
| #define PACKAGE_VERSION "2.0.1"
| #define PACKAGE_STRING "bmon 2.0.1"
| #define PACKAGE_BUGREPORT "tgraf@suug.ch"
| #define TIME_WITH_SYS_TIME 1
| #define STDC_HEADERS 1
| #define HAVE_SYS_TYPES_H 1
| #define HAVE_SYS_STAT_H 1
| #define HAVE_STDLIB_H 1
| #define HAVE_STRING_H 1
| #define HAVE_MEMORY_H 1
| #define HAVE_STRINGS_H 1
| #define HAVE_INTTYPES_H 1
| #define HAVE_STDINT_H 1
| #define HAVE_UNISTD_H 1
| #define RETSIGTYPE void
| #define HAVE_GETOPT_H 1
| #define HAVE_NCURSES_H 1
| #define HAVE_CURSES_H 1
| #define HAVE_DIRENT_H 1
| #define HAVE_SYS_UTSNAME_H 1
| #define HAVE_SUSECONDS_T 1
| #define HAVE_NCURSES "1"
| #define HAVE_REDRAWWIN "1"
| #define HAVE_USE_DEFAULT_COLORS "1"
| /* end confdefs.h.  */
| 
| /* Override any gcc2 internal prototype to avoid an error.  */
| #ifdef __cplusplus
| extern "C"
| #endif
| /* We use char because int might match the return type of a gcc2
|    builtin and then its argument prototype would still apply.  */
| char nl_connect ();
| int
| main ()
| {
| nl_connect ();
|   ;
|   return 0;
| }
configure:4670: result: no
configure:4911: creating ./config.status

## ---------------------- ##
## Running config.status. ##
## ---------------------- ##

This file was extended by bmon config.status 2.0.1, which was
generated by GNU Autoconf 2.59.  Invocation command line was

  CONFIG_FILES    = 
  CONFIG_HEADERS  = 
  CONFIG_LINKS    = 
  CONFIG_COMMANDS = 
  $ ./config.status 

on canaima-popular

config.status:707: creating Makefile.opts
config.status:773: creating include/bmon/defs.h

## ---------------- ##
## Cache variables. ##
## ---------------- ##

ac_cv_build=i486-pc-linux-gnu
ac_cv_build_alias=i486-linux-gnu
ac_cv_c_compiler_gnu=yes
ac_cv_c_const=yes
ac_cv_c_inline=inline
ac_cv_env_CC_set=
ac_cv_env_CC_value=
ac_cv_env_CFLAGS_set=set
ac_cv_env_CFLAGS_value='-Wall -g -O2'
ac_cv_env_CPPFLAGS_set=
ac_cv_env_CPPFLAGS_value=
ac_cv_env_CPP_set=
ac_cv_env_CPP_value=
ac_cv_env_LDFLAGS_set=
ac_cv_env_LDFLAGS_value=
ac_cv_env_build_alias_set=set
ac_cv_env_build_alias_value=i486-linux-gnu
ac_cv_env_host_alias_set=set
ac_cv_env_host_alias_value=i486-linux-gnu
ac_cv_env_target_alias_set=
ac_cv_env_target_alias_value=
ac_cv_exeext=
ac_cv_func_connect=yes
ac_cv_func_gethostbyname=yes
ac_cv_func_inet_aton=yes
ac_cv_header_curses_h=yes
ac_cv_header_dirent_h=yes
ac_cv_header_getopt_h=yes
ac_cv_header_inttypes_h=yes
ac_cv_header_memory_h=yes
ac_cv_header_ncurses_h=yes
ac_cv_header_ncurses_ncurses_h=no
ac_cv_header_netinet6_in6_h=no
ac_cv_header_stdc=yes
ac_cv_header_stdint_h=yes
ac_cv_header_stdlib_h=yes
ac_cv_header_string_h=yes
ac_cv_header_strings_h=yes
ac_cv_header_sys_sockio_h=no
ac_cv_header_sys_stat_h=yes
ac_cv_header_sys_types_h=yes
ac_cv_header_sys_utsname_h=yes
ac_cv_header_time=yes
ac_cv_header_unistd_h=yes
ac_cv_host=i486-pc-linux-gnu
ac_cv_host_alias=i486-linux-gnu
ac_cv_lib_kstat_kstat_open=no
ac_cv_lib_ncurses_initscr=yes
ac_cv_lib_ncurses_redrawwin=yes
ac_cv_lib_ncurses_use_default_colors=yes
ac_cv_lib_nl_nl_connect=no
ac_cv_objext=o
ac_cv_path_install='/usr/bin/install -c'
ac_cv_prog_CC=i486-linux-gnu-gcc
ac_cv_prog_CPP='i486-linux-gnu-gcc -E'
ac_cv_prog_cc_g=yes
ac_cv_prog_cc_stdc=
ac_cv_prog_egrep='grep -E'
ac_cv_prog_make_make_set=yes
ac_cv_target=i486-pc-linux-gnu
ac_cv_target_alias=i486-linux-gnu
ac_cv_type_signal=void
ac_cv_type_size_t=yes
ac_cv_type_suseconds_t=yes

## ----------------- ##
## Output variables. ##
## ----------------- ##

ARCH=''
BMON_LIB=' -lncurses'
CC='i486-linux-gnu-gcc'
CFLAGS='-Wall -g -O2'
COMPILE_BMON='Yes '
CPP='i486-linux-gnu-gcc -E'
CPPFLAGS=''
DEBUG='0'
DEFS='-DHAVE_CONFIG_H'
ECHO_C=''
ECHO_N='-n'
ECHO_T=''
EGREP='grep -E'
EXEEXT=''
INSTALL_DATA='${INSTALL} -m 644'
INSTALL_PROGRAM='${INSTALL}'
INSTALL_SCRIPT='${INSTALL}'
LDFLAGS=''
LIBOBJS=''
LIBS=''
LTLIBOBJS=''
OBJEXT='o'
PACKAGE_BUGREPORT='tgraf@suug.ch'
PACKAGE_NAME='bmon'
PACKAGE_STRING='bmon 2.0.1'
PACKAGE_TARNAME='bmon'
PACKAGE_VERSION='2.0.1'
PATH_SEPARATOR=':'
SET_MAKE=''
SHELL='/bin/bash'
STATIC='0'
SYS=''
ac_ct_CC=''
bindir='${exec_prefix}/bin'
build='i486-pc-linux-gnu'
build_alias='i486-linux-gnu'
build_cpu='i486'
build_os='linux-gnu'
build_vendor='pc'
datadir='${prefix}/share'
exec_prefix='${prefix}'
host='i486-pc-linux-gnu'
host_alias='i486-linux-gnu'
host_cpu='i486'
host_os='linux-gnu'
host_vendor='pc'
includedir='${prefix}/include'
infodir='${prefix}/info'
libdir='${exec_prefix}/lib'
libexecdir='${exec_prefix}/libexec'
localstatedir='${prefix}/var'
mandir='${prefix}/share/man'
oldincludedir='/usr/include'
prefix='/usr'
program_transform_name='s,x,x,'
sbindir='${exec_prefix}/sbin'
sharedstatedir='${prefix}/com'
sysconfdir='${prefix}/etc'
target='i486-pc-linux-gnu'
target_alias=''
target_cpu='i486'
target_os='linux-gnu'
target_vendor='pc'

## ----------- ##
## confdefs.h. ##
## ----------- ##

#define HAVE_CURSES_H 1
#define HAVE_DIRENT_H 1
#define HAVE_GETOPT_H 1
#define HAVE_INTTYPES_H 1
#define HAVE_MEMORY_H 1
#define HAVE_NCURSES "1"
#define HAVE_NCURSES_H 1
#define HAVE_REDRAWWIN "1"
#define HAVE_STDINT_H 1
#define HAVE_STDLIB_H 1
#define HAVE_STRINGS_H 1
#define HAVE_STRING_H 1
#define HAVE_SUSECONDS_T 1
#define HAVE_SYS_STAT_H 1
#define HAVE_SYS_TYPES_H 1
#define HAVE_SYS_UTSNAME_H 1
#define HAVE_UNISTD_H 1
#define HAVE_USE_DEFAULT_COLORS "1"
#define PACKAGE_BUGREPORT "tgraf@suug.ch"
#define PACKAGE_NAME "bmon"
#define PACKAGE_STRING "bmon 2.0.1"
#define PACKAGE_TARNAME "bmon"
#define PACKAGE_VERSION "2.0.1"
#define RETSIGTYPE void
#define STDC_HEADERS 1
#define SYS_LINUX "1"
#define TIME_WITH_SYS_TIME 1

configure: exit 0
